TN:
SF:src/router.ts
FN:126,(anonymous_0)
FN:182,(anonymous_1)
FNF:2
FNH:2
FNDA:4,(anonymous_0)
FNDA:5,(anonymous_1)
DA:1,2
DA:2,2
DA:3,2
DA:4,2
DA:6,2
DA:52,2
DA:81,2
DA:119,2
DA:126,4
DA:175,2
DA:182,5
DA:217,2
DA:253,2
DA:259,2
LF:14
LH:14
BRF:0
BRH:0
end_of_record
TN:
SF:src/server.ts
FN:11,connectDB
FN:28,(anonymous_8)
FNF:2
FNH:2
FNDA:3,connectDB
FNDA:19,(anonymous_8)
DA:1,2
DA:2,2
DA:3,2
DA:4,2
DA:5,2
DA:6,2
DA:7,2
DA:8,2
DA:11,2
DA:12,3
DA:13,3
DA:14,2
DA:17,1
DA:18,1
DA:21,2
DA:24,2
DA:27,2
DA:29,19
DA:30,19
DA:32,0
DA:39,2
DA:42,2
DA:44,2
DA:46,2
DA:49,2
DA:51,2
LF:26
LH:25
BRDA:29,0,0,19
BRDA:29,0,1,0
BRDA:29,1,0,19
BRDA:29,1,1,0
BRF:4
BRH:2
end_of_record
TN:
SF:src/config/db.ts
FNF:0
FNH:0
DA:1,2
DA:2,2
DA:3,2
DA:5,2
DA:10,2
LF:5
LH:5
BRF:0
BRH:0
end_of_record
TN:
SF:src/config/swagger.ts
FNF:0
FNH:0
DA:1,2
DA:4,2
DA:22,2
DA:24,2
DA:38,2
DA:40,2
LF:6
LH:6
BRF:0
BRH:0
end_of_record
TN:
SF:src/handlers/product.ts
FN:4,(anonymous_1)
FN:13,(anonymous_2)
FN:24,(anonymous_3)
FN:29,(anonymous_4)
FN:45,(anonymous_5)
FN:61,(anonymous_6)
FNF:6
FNH:6
FNDA:2,(anonymous_1)
FNDA:2,(anonymous_2)
FNDA:1,(anonymous_3)
FNDA:2,(anonymous_4)
FNDA:2,(anonymous_5)
FNDA:2,(anonymous_6)
DA:2,2
DA:4,2
DA:5,2
DA:10,2
DA:13,2
DA:14,2
DA:15,2
DA:16,2
DA:17,2
DA:21,0
DA:24,2
DA:25,1
DA:26,1
DA:29,2
DA:30,2
DA:31,2
DA:33,2
DA:34,2
DA:40,0
DA:41,0
DA:42,0
DA:45,2
DA:46,2
DA:47,2
DA:49,2
DA:50,2
DA:56,0
DA:57,0
DA:58,0
DA:61,2
DA:62,2
DA:63,2
DA:65,2
DA:66,2
DA:71,0
DA:72,0
LF:36
LH:27
BRDA:16,0,0,2
BRDA:33,1,0,2
BRDA:49,2,0,2
BRDA:65,3,0,2
BRF:4
BRH:4
end_of_record
TN:
SF:src/middleware/index.ts
FN:4,(anonymous_0)
FNF:1
FNH:1
FNDA:17,(anonymous_0)
DA:2,2
DA:4,2
DA:5,17
DA:6,17
DA:7,8
DA:9,9
LF:6
LH:6
BRDA:6,0,0,8
BRF:1
BRH:1
end_of_record
TN:
SF:src/models/Product.model.ts
FNF:0
FNH:0
DA:1,3
DA:7,3
DA:11,3
DA:16,3
DA:22,3
DA:25,3
LF:6
LH:6
BRF:0
BRH:0
end_of_record
